number,value,params_bagging_temperature,params_depth,params_iterations,params_l2_leaf_reg,params_learning_rate,state,user_attrs_best_iteration,user_attrs_class_order
0,1.3597114114835736,0.9829592426328188,8,1136,9.68936996014273,0.04299609545528411,COMPLETE,300,"['C', 'Combo G', 'PF/C', 'Pure PG', 'Scoring PG', 'Stretch 4', 'Wing F', 'Wing G']"
1,1.3579142861323448,0.5026997628658524,6,1463,14.517724423777263,0.0391889229836208,COMPLETE,760,"['C', 'Combo G', 'PF/C', 'Pure PG', 'Scoring PG', 'Stretch 4', 'Wing F', 'Wing G']"
2,1.3593113653905475,0.4084636259652571,8,1013,3.4546559488048425,0.012935621576985653,COMPLETE,800,"['C', 'Combo G', 'PF/C', 'Pure PG', 'Scoring PG', 'Stretch 4', 'Wing F', 'Wing G']"
3,1.3538363529943844,0.4879540063970539,4,1733,2.1861942533414838,0.012432636826507536,COMPLETE,1472,"['C', 'Combo G', 'PF/C', 'Pure PG', 'Scoring PG', 'Stretch 4', 'Wing F', 'Wing G']"
4,1.3617225712805503,0.5151599348927501,8,551,1.959586661911693,0.011583849670377257,COMPLETE,549,"['C', 'Combo G', 'PF/C', 'Pure PG', 'Scoring PG', 'Stretch 4', 'Wing F', 'Wing G']"
5,1.3560785130421649,0.6634041415344533,5,1959,1.65853154585968,0.012121058486542758,COMPLETE,1000,"['C', 'Combo G', 'PF/C', 'Pure PG', 'Scoring PG', 'Stretch 4', 'Wing F', 'Wing G']"
6,1.3597835825897429,0.15022162464248423,4,942,10.320124511613848,0.026249164244908706,COMPLETE,511,"['C', 'Combo G', 'PF/C', 'Pure PG', 'Scoring PG', 'Stretch 4', 'Wing F', 'Wing G']"
7,1.3622799900763523,0.48273465584471187,8,623,1.20697950777824,0.03582006116866854,COMPLETE,194,"['C', 'Combo G', 'PF/C', 'Pure PG', 'Scoring PG', 'Stretch 4', 'Wing F', 'Wing G']"
8,1.3586261168773555,0.023045072497390184,6,1923,8.580842670691075,0.13347364613881202,COMPLETE,82,"['C', 'Combo G', 'PF/C', 'Pure PG', 'Scoring PG', 'Stretch 4', 'Wing F', 'Wing G']"
9,1.3559804299469869,0.8473901625245064,6,2423,1.2910088540315947,0.02523196752695223,COMPLETE,420,"['C', 'Combo G', 'PF/C', 'Pure PG', 'Scoring PG', 'Stretch 4', 'Wing F', 'Wing G']"
10,1.3569714213367645,0.26810366291461446,4,2413,3.738159684560715,0.14547625106381754,COMPLETE,116,"['C', 'Combo G', 'PF/C', 'Pure PG', 'Scoring PG', 'Stretch 4', 'Wing F', 'Wing G']"
11,1.35613006065186,0.8973522337879191,6,2497,2.931492014762486,0.020912095135594895,COMPLETE,584,"['C', 'Combo G', 'PF/C', 'Pure PG', 'Scoring PG', 'Stretch 4', 'Wing F', 'Wing G']"
12,1.3552342718711552,0.7584046117617231,5,2011,1.0044628797144168,0.0194197375648298,COMPLETE,704,"['C', 'Combo G', 'PF/C', 'Pure PG', 'Scoring PG', 'Stretch 4', 'Wing F', 'Wing G']"
13,1.3543536802466691,0.7560239972990233,5,1805,1.0329597323690884,0.017233923555855277,COMPLETE,906,"['C', 'Combo G', 'PF/C', 'Pure PG', 'Scoring PG', 'Stretch 4', 'Wing F', 'Wing G']"
14,1.355712476435697,0.6129931978398593,5,1545,2.269037624077557,0.014721314489976824,COMPLETE,989,"['C', 'Combo G', 'PF/C', 'Pure PG', 'Scoring PG', 'Stretch 4', 'Wing F', 'Wing G']"
15,1.3539822495096934,0.3287952944204855,4,1606,4.972672771382719,0.017282317527721858,COMPLETE,1103,"['C', 'Combo G', 'PF/C', 'Pure PG', 'Scoring PG', 'Stretch 4', 'Wing F', 'Wing G']"
16,1.352754210218722,0.2879080165497804,4,1496,5.783599715250521,0.06945306083091346,COMPLETE,342,"['C', 'Combo G', 'PF/C', 'Pure PG', 'Scoring PG', 'Stretch 4', 'Wing F', 'Wing G']"
17,1.3539189070851851,0.2035459126750766,4,1317,6.220871339431831,0.08838960857806395,COMPLETE,319,"['C', 'Combo G', 'PF/C', 'Pure PG', 'Scoring PG', 'Stretch 4', 'Wing F', 'Wing G']"
18,1.3547213699146314,0.07760238395514768,4,2146,5.377423461046221,0.0763170011038314,COMPLETE,275,"['C', 'Combo G', 'PF/C', 'Pure PG', 'Scoring PG', 'Stretch 4', 'Wing F', 'Wing G']"
19,1.352166095036665,0.28176157602831176,5,1778,2.80723831413564,0.0576586267499686,COMPLETE,240,"['C', 'Combo G', 'PF/C', 'Pure PG', 'Scoring PG', 'Stretch 4', 'Wing F', 'Wing G']"
20,1.3587085424405678,0.3343621871608328,7,1337,7.313738952970436,0.0662398041609234,COMPLETE,190,"['C', 'Combo G', 'PF/C', 'Pure PG', 'Scoring PG', 'Stretch 4', 'Wing F', 'Wing G']"
21,1.3544590286834546,0.38411098516891057,5,1672,2.6096706893263146,0.05188130067956896,COMPLETE,327,"['C', 'Combo G', 'PF/C', 'Pure PG', 'Scoring PG', 'Stretch 4', 'Wing F', 'Wing G']"
22,1.352101395907288,0.2183650694858512,4,1780,4.1241070490937854,0.11238104382539792,COMPLETE,211,"['C', 'Combo G', 'PF/C', 'Pure PG', 'Scoring PG', 'Stretch 4', 'Wing F', 'Wing G']"
23,1.35840341552505,0.20339017203823723,5,2183,4.121567923601059,0.10153131914949397,COMPLETE,203,"['C', 'Combo G', 'PF/C', 'Pure PG', 'Scoring PG', 'Stretch 4', 'Wing F', 'Wing G']"
24,1.3552668648313095,0.14567000850601958,4,1367,4.606442567669843,0.061294946668853885,COMPLETE,337,"['C', 'Combo G', 'PF/C', 'Pure PG', 'Scoring PG', 'Stretch 4', 'Wing F', 'Wing G']"
25,1.3572436857055559,0.27374751267955744,5,1761,3.076689473545209,0.10938698000881897,COMPLETE,152,"['C', 'Combo G', 'PF/C', 'Pure PG', 'Scoring PG', 'Stretch 4', 'Wing F', 'Wing G']"
26,1.354132165497696,0.08691306610207516,4,2196,6.952794187704134,0.05324772992534114,COMPLETE,557,"['C', 'Combo G', 'PF/C', 'Pure PG', 'Scoring PG', 'Stretch 4', 'Wing F', 'Wing G']"
27,1.3560007348692178,0.24780823327174686,5,1851,4.257719098730369,0.08032130250205843,COMPLETE,209,"['C', 'Combo G', 'PF/C', 'Pure PG', 'Scoring PG', 'Stretch 4', 'Wing F', 'Wing G']"
28,1.353872578328549,0.36617288483935084,4,1202,5.754764936182256,0.11538211422177841,COMPLETE,160,"['C', 'Combo G', 'PF/C', 'Pure PG', 'Scoring PG', 'Stretch 4', 'Wing F', 'Wing G']"
29,1.3562247545513748,0.1569747121923198,7,1512,11.919477135982973,0.047593971293537,COMPLETE,347,"['C', 'Combo G', 'PF/C', 'Pure PG', 'Scoring PG', 'Stretch 4', 'Wing F', 'Wing G']"
30,1.3535566162473316,0.4284104628550669,4,1045,1.6288637657835936,0.03362804450483727,COMPLETE,511,"['C', 'Combo G', 'PF/C', 'Pure PG', 'Scoring PG', 'Stretch 4', 'Wing F', 'Wing G']"
31,1.356257678639192,0.40662176729225763,4,961,1.618576851526433,0.03411513328307863,COMPLETE,559,"['C', 'Combo G', 'PF/C', 'Pure PG', 'Scoring PG', 'Stretch 4', 'Wing F', 'Wing G']"
32,1.3524488941409072,0.4478654710368536,4,750,2.748551071812899,0.06484170190852186,COMPLETE,290,"['C', 'Combo G', 'PF/C', 'Pure PG', 'Scoring PG', 'Stretch 4', 'Wing F', 'Wing G']"
33,1.3542733977756374,0.3065973627086489,5,751,3.272842081777888,0.06312512774678412,COMPLETE,227,"['C', 'Combo G', 'PF/C', 'Pure PG', 'Scoring PG', 'Stretch 4', 'Wing F', 'Wing G']"
34,1.3520935379271908,0.5733031889650985,4,1169,2.5614013267343982,0.09179540975944173,COMPLETE,258,"['C', 'Combo G', 'PF/C', 'Pure PG', 'Scoring PG', 'Stretch 4', 'Wing F', 'Wing G']"
35,1.3560672123167403,0.6037964257351341,6,808,2.6004794520362977,0.0883807829052815,COMPLETE,136,"['C', 'Combo G', 'PF/C', 'Pure PG', 'Scoring PG', 'Stretch 4', 'Wing F', 'Wing G']"
36,1.3578793764673192,0.5370744285326658,4,824,2.094263600572675,0.09495555606793231,COMPLETE,126,"['C', 'Combo G', 'PF/C', 'Pure PG', 'Scoring PG', 'Stretch 4', 'Wing F', 'Wing G']"
37,1.359306922686361,0.4537499082969224,5,1154,2.5530349990864565,0.12889595049131336,COMPLETE,110,"['C', 'Combo G', 'PF/C', 'Pure PG', 'Scoring PG', 'Stretch 4', 'Wing F', 'Wing G']"
38,1.358598210186141,0.5403323530217898,7,639,3.726091982395866,0.04621186314085724,COMPLETE,252,"['C', 'Combo G', 'PF/C', 'Pure PG', 'Scoring PG', 'Stretch 4', 'Wing F', 'Wing G']"
39,1.3554428073754492,0.5851772964453571,4,540,1.841252907421032,0.03997385970756735,COMPLETE,414,"['C', 'Combo G', 'PF/C', 'Pure PG', 'Scoring PG', 'Stretch 4', 'Wing F', 'Wing G']"
40,1.3557579413103849,0.735922665216542,5,2059,2.835187980789529,0.05785598405370131,COMPLETE,249,"['C', 'Combo G', 'PF/C', 'Pure PG', 'Scoring PG', 'Stretch 4', 'Wing F', 'Wing G']"
41,1.3538699809564818,0.2433851528285782,4,1416,3.476088991115872,0.0767901457685556,COMPLETE,191,"['C', 'Combo G', 'PF/C', 'Pure PG', 'Scoring PG', 'Stretch 4', 'Wing F', 'Wing G']"
42,1.3513295254470505,0.6643733624128042,4,1646,2.349027707390006,0.11712727142202702,COMPLETE,202,"['C', 'Combo G', 'PF/C', 'Pure PG', 'Scoring PG', 'Stretch 4', 'Wing F', 'Wing G']"
43,1.35176999657611,0.6421346958257061,4,1671,2.38387691708521,0.1479311901516743,COMPLETE,139,"['C', 'Combo G', 'PF/C', 'Pure PG', 'Scoring PG', 'Stretch 4', 'Wing F', 'Wing G']"
44,1.3540047617064768,0.6863848855577901,4,1664,2.3190711429972954,0.11859844035008893,COMPLETE,117,"['C', 'Combo G', 'PF/C', 'Pure PG', 'Scoring PG', 'Stretch 4', 'Wing F', 'Wing G']"
45,1.3531620142457952,0.660758635135396,4,1952,1.4042894591617883,0.1487929997959338,COMPLETE,96,"['C', 'Combo G', 'PF/C', 'Pure PG', 'Scoring PG', 'Stretch 4', 'Wing F', 'Wing G']"
46,1.3591598846942037,0.9860660868195198,6,1850,1.8339288940169607,0.1304788613237693,COMPLETE,93,"['C', 'Combo G', 'PF/C', 'Pure PG', 'Scoring PG', 'Stretch 4', 'Wing F', 'Wing G']"
47,1.3564930870749523,0.7767791572499844,5,1710,2.3883356722305495,0.10135192800555207,COMPLETE,112,"['C', 'Combo G', 'PF/C', 'Pure PG', 'Scoring PG', 'Stretch 4', 'Wing F', 'Wing G']"
48,1.350719246824245,0.8256178443374325,4,1603,2.1474533743252815,0.1208477527445918,COMPLETE,145,"['C', 'Combo G', 'PF/C', 'Pure PG', 'Scoring PG', 'Stretch 4', 'Wing F', 'Wing G']"
49,1.3521656524706287,0.8404711428307998,4,1243,1.9814092838960702,0.12227582977064741,COMPLETE,219,"['C', 'Combo G', 'PF/C', 'Pure PG', 'Scoring PG', 'Stretch 4', 'Wing F', 'Wing G']"
